Calculating the Greatest Reliable Set :
Vocabulary List : 
a with id 1
c with id 2
e with id 3
f with id 4


WP Start :

L : 

=============================
W_P(L) Start : 
L : 

UP(L, P) : a,c

------------------------
PhiL Start:


X : 

Satisfy rules :
e :- not f.
f :- not e.

Phi out :
e, f

X : e, f

Satisfy rules :
c :- e.
e :- not f.
f :- not e.

Phi out :
c, e, f

X : c, e, f

Satisfy rules :
a :- c.
c :- e.
e :- not f.
f :- not e.

Phi out :
a, c, e, f

X : a, c, e, f

Satisfy rules :
a :- c.
c :- e.
e :- not f.
f :- not e.

Phi out :
a, c, e, f

GUS : 

W_P(L) : a,c

L : a,c

=============================
W_P(L) Start : 
L : a, c

UP(L, P) : a,c

------------------------
PhiL Start:


X : 

Satisfy rules :
e :- not f.
f :- not e.

Phi out :
a, c, e, f

X : a, c, e, f

Satisfy rules :
e :- not f.
f :- not e.

Phi out :
a, c, e, f

GUS : 

W_P(L) : a,c

Step 1 to 3 out Consequence : a, c

=============================
W_P(L) Start : 
L : e

UP(L, P) : a,c,e

------------------------
PhiL Start:


X : 

Satisfy rules :

Phi out :
e

X : e

Satisfy rules :
c :- e.

Phi out :
c, e

X : c, e

Satisfy rules :
a :- c.
c :- e.

Phi out :
a, c, e

X : a, c, e

Satisfy rules :
a :- c.
c :- e.

Phi out :
a, c, e

GUS : f

=============================
W_P(L) Start : 
L : ~e

UP(L, P) : ~e,a,c,f

------------------------
PhiL Start:


X : 

Satisfy rules :
f :- not e.

Phi out :
f

X : f

Satisfy rules :
f :- not e.

Phi out :
f

GUS : a,c,e

=============================
W_P(L) Start : 
L : f

UP(L, P) : a,c,f

------------------------
PhiL Start:


X : 

Satisfy rules :

Phi out :
f

X : f

Satisfy rules :

Phi out :
f

GUS : a,c,e

Final Consequence : ~f, a, c, e

=============================
Start GWRS : 

---------------------------
TW :

TW X : 

++++++++++++++++++
head(r) \ body^+(r) : a 

L \cup X : ~f a c e 

body(r) \cup qs : c 

++++++++++++++++++
head(r) \ body^+(r) : c 

L \cup X : ~f a c e 

body(r) \cup qs : e 

++++++++++++++++++
head(r) \ body^+(r) : e 

L \cup X : ~f a c e 

body(r) \cup qs : ~f 

++++++++++++++++++
head(r) \ body^+(r) : f 

L \cup X : ~f a c e 

body(r) \cup qs : ~e 

++++++++++++++++++
head(r) \ body^+(r) : 

TW twpl : a c e 

---------------------------
TW :

TW X : a c e 

++++++++++++++++++
head(r) \ body^+(r) : a 

L \cup X : ~f a c e 

body(r) \cup qs : c 

++++++++++++++++++
head(r) \ body^+(r) : c 

L \cup X : ~f a c e 

body(r) \cup qs : e 

++++++++++++++++++
head(r) \ body^+(r) : e 

L \cup X : ~f a c e 

body(r) \cup qs : ~f 

++++++++++++++++++
head(r) \ body^+(r) : f 

L \cup X : ~f a c e 

body(r) \cup qs : ~e 

++++++++++++++++++
head(r) \ body^+(r) : 

TW twpl : a c e 

The GWRS of NLP is : a c e 

=============================
Start GSRS : 

---------------------------
TS :

TS X : 

++++++++++++++++++
head(r) \ body^+(r) : a 

(L \ L^+) \cup X : ~f 

body(r) \cup qs : c 

++++++++++++++++++
head(r) \ body^+(r) : c 

(L \ L^+) \cup X : ~f 

body(r) \cup qs : e 

++++++++++++++++++
head(r) \ body^+(r) : e 

(L \ L^+) \cup X : ~f 

body(r) \cup qs : ~f 

++++++++++++++++++
head(r) \ body^+(r) : f 

(L \ L^+) \cup X : ~f 

body(r) \cup qs : ~e 

++++++++++++++++++
head(r) \ body^+(r) : 

TS tspl : e 

---------------------------
TS :

TS X : e 

++++++++++++++++++
head(r) \ body^+(r) : a 

(L \ L^+) \cup X : ~f e 

body(r) \cup qs : c 

++++++++++++++++++
head(r) \ body^+(r) : c 

(L \ L^+) \cup X : ~f e 

body(r) \cup qs : e 

++++++++++++++++++
head(r) \ body^+(r) : e 

(L \ L^+) \cup X : ~f e 

body(r) \cup qs : ~f 

++++++++++++++++++
head(r) \ body^+(r) : f 

(L \ L^+) \cup X : ~f e 

body(r) \cup qs : ~e 

++++++++++++++++++
head(r) \ body^+(r) : 

TS tspl : c e 

---------------------------
TS :

TS X : c e 

++++++++++++++++++
head(r) \ body^+(r) : a 

(L \ L^+) \cup X : ~f c e 

body(r) \cup qs : c 

++++++++++++++++++
head(r) \ body^+(r) : c 

(L \ L^+) \cup X : ~f c e 

body(r) \cup qs : e 

++++++++++++++++++
head(r) \ body^+(r) : e 

(L \ L^+) \cup X : ~f c e 

body(r) \cup qs : ~f 

++++++++++++++++++
head(r) \ body^+(r) : f 

(L \ L^+) \cup X : ~f c e 

body(r) \cup qs : ~e 

++++++++++++++++++
head(r) \ body^+(r) : 

TS tspl : a c e 

---------------------------
TS :

TS X : a c e 

++++++++++++++++++
head(r) \ body^+(r) : a 

(L \ L^+) \cup X : ~f a c e 

body(r) \cup qs : c 

++++++++++++++++++
head(r) \ body^+(r) : c 

(L \ L^+) \cup X : ~f a c e 

body(r) \cup qs : e 

++++++++++++++++++
head(r) \ body^+(r) : e 

(L \ L^+) \cup X : ~f a c e 

body(r) \cup qs : ~f 

++++++++++++++++++
head(r) \ body^+(r) : f 

(L \ L^+) \cup X : ~f a c e 

body(r) \cup qs : ~e 

++++++++++++++++++
head(r) \ body^+(r) : 

TS tspl : a c e 

The GSRS of NLP is : a c e 
