Calculating the Greatest Reliable Set :

WP Start :

L : 

=============================
W_P(L) Start : 
L : 

UP(L, P) : c

------------------------
PhiL Start:


X : 

Satisfy rules :
c | d.
d :- not c.
d | b :- not a.

Phi out :
c, d, b

X : c, d, b

Satisfy rules :
c | d.
a | b :- c.
d :- not c.
a :- c, d.
d | b :- not a.

Phi out :
c, d, a, b

X : c, d, a, b

Satisfy rules :
c | d.
a | b :- c.
d :- not c.
a :- c, d.
c :- a.
d | b :- not a.

Phi out :
c, d, a, b

GUS : 

W_P(L) : c

L : c

=============================
W_P(L) Start : 
L : c

UP(L, P) : c

------------------------
PhiL Start:


X : 

Satisfy rules :
d | b :- not a.

Phi out :
c, d, b

X : c, d, b

Satisfy rules :
a | b :- c.
a :- c, d.
d | b :- not a.

Phi out :
c, d, a, b

X : c, d, a, b

Satisfy rules :
a | b :- c.
a :- c, d.
d | b :- not a.

Phi out :
c, d, a, b

GUS : 

W_P(L) : c

Step 1 to 3 out Consequence : c

=============================
W_P(L) Start : 
L : d

UP(L, P) : c,d,a

------------------------
PhiL Start:


X : 

Satisfy rules :

Phi out :
d

X : d

Satisfy rules :

Phi out :
d

GUS : c,a,b

=============================
W_P(L) Start : 
L : a

UP(L, P) : c,a

------------------------
PhiL Start:


X : 

Satisfy rules :
c | d.
d :- not c.

Phi out :
c, d, a

X : c, d, a

Satisfy rules :
c | d.
d :- not c.
c :- a.

Phi out :
c, d, a

GUS : b

=============================
W_P(L) Start : 
L : ~a

UP(L, P) : ~a,~d,c,b

------------------------
PhiL Start:


X : 

Satisfy rules :
c | d.
d :- not c.
d | b :- not a.

Phi out :
c, d, b

X : c, d, b

Satisfy rules :
c | d.
a | b :- c.
d :- not c.
d | b :- not a.

Phi out :
c, d, b

GUS : a

=============================
W_P(L) Start : 
L : b

UP(L, P) : c,b

------------------------
PhiL Start:


X : 

Satisfy rules :
c | d.
d :- not c.

Phi out :
c, d, b

X : c, d, b

Satisfy rules :
c | d.
d :- not c.
a :- c, d.

Phi out :
c, d, a, b

X : c, d, a, b

Satisfy rules :
c | d.
d :- not c.
a :- c, d.
c :- a.

Phi out :
c, d, a, b

GUS : 

=============================
W_P(L) Start : 
L : ~b

UP(L, P) : ~b,c,a

------------------------
PhiL Start:


X : 

Satisfy rules :
c | d.
d :- not c.
d | b :- not a.

Phi out :
c, d

X : c, d

Satisfy rules :
c | d.
a | b :- c.
d :- not c.
a :- c, d.
d | b :- not a.

Phi out :
c, d, a

X : c, d, a

Satisfy rules :
c | d.
a | b :- c.
d :- not c.
a :- c, d.
c :- a.
d | b :- not a.

Phi out :
c, d, a

GUS : b

Final Consequence : ~d, c


============================================================
Start GRSDLP : 



UCLP : 
U : c d a b 
X : c d a b 
L : ~d c 
U \cup L : ~d c d a b 
{p | ~p in L} : d 
ES rules : 
	c | d.
	d :- not c.
	d | b :- not a.

E : 
	{ c d }, 

XHold : c d a b 

UCLP : 
U : c d a b 
X : d a b 
L : ~d c 
U \cup L : ~d c d a b 
{p | ~p in L} : d 
ES rules : 
	c | d.
	a | b :- c.
	d :- not c.
	d | b :- not a.

E : 
	{ a b }, 

XHold : d a b 

UCLP : 
U : c d a b 
X : d b 
L : ~d c 
U \cup L : ~d c d a b 
{p | ~p in L} : d 
ES rules : 
	c | d.
	a | b :- c.
	d :- not c.
	d | b :- not a.

E : 


XHold : d b 

UCLP : 
U : c d a b 
X : d a 
L : ~d c 
U \cup L : ~d c d a b 
{p | ~p in L} : d 
ES rules : 
	c | d.
	a | b :- c.
	d :- not c.
	d | b :- not a.

E : 


XHold : d a 
Y : a b 
X : d a b 
---------------------------------

UCLP : 
U : c d a b 
X : c a b 
L : ~d c 
U \cup L : ~d c d a b 
{p | ~p in L} : d 
ES rules : 
	c | d.
	d | b :- not a.

E : 
	{ c d }, 

XHold : c a b 

UCLP : 
U : c d a b 
X : a b 
L : ~d c 
U \cup L : ~d c d a b 
{p | ~p in L} : d 
ES rules : 
	a | b :- c.
	a :- c, d.
	d | b :- not a.

E : 
	{ a }, 	{ a b }, 

XHold : a b 

UCLP : 
U : c d a b 
X : b 
L : ~d c 
U \cup L : ~d c d a b 
{p | ~p in L} : d 
ES rules : 
	a | b :- c.
	d | b :- not a.

E : 


XHold : b 

UCLP : 
U : c d a b 
X : 
L : ~d c 
U \cup L : ~d c d a b 
{p | ~p in L} : d 
ES rules : 

E : 


XHold : 
Y : b 
X : b 
ES rules : 
	a | b :- c.
	d | b :- not a.

E : 


XHold : b 

UCLP : 
U : c d a b 
X : c a b 
L : ~d c 
U \cup L : ~d c d a b 
{p | ~p in L} : d 
ES rules : 
	c | d.
	d | b :- not a.

E : 
	{ c d }, 

XHold : c a b 

UCLP : 
U : c d a b 
X : a b 
L : ~d c 
U \cup L : ~d c d a b 
{p | ~p in L} : d 
ES rules : 
	a | b :- c.
	a :- c, d.
	d | b :- not a.

E : 
	{ a }, 	{ a b }, 

XHold : a b 

UCLP : 
U : c d a b 
X : b 
L : ~d c 
U \cup L : ~d c d a b 
{p | ~p in L} : d 
ES rules : 
	a | b :- c.
	d | b :- not a.

E : 


XHold : b 

UCLP : 
U : c d a b 
X : 
L : ~d c 
U \cup L : ~d c d a b 
{p | ~p in L} : d 
ES rules : 

E : 


XHold : 
Y : b 
X : b 
ES rules : 
	a | b :- c.
	d | b :- not a.

E : 


XHold : b 

UCLP : 
U : c d a b 
X : c a b 
L : ~d c 
U \cup L : ~d c d a b 
{p | ~p in L} : d 
ES rules : 
	c | d.
	d | b :- not a.

E : 
	{ c d }, 

XHold : c a b 

UCLP : 
U : c d a b 
X : a b 
L : ~d c 
U \cup L : ~d c d a b 
{p | ~p in L} : d 
ES rules : 
	a | b :- c.
	a :- c, d.
	d | b :- not a.

E : 
	{ a }, 	{ a b }, 

XHold : a b 

UCLP : 
U : c d a b 
X : b 
L : ~d c 
U \cup L : ~d c d a b 
{p | ~p in L} : d 
ES rules : 
	a | b :- c.
	d | b :- not a.

E : 


XHold : b 

UCLP : 
U : c d a b 
X : 
L : ~d c 
U \cup L : ~d c d a b 
{p | ~p in L} : d 
ES rules : 

E : 


XHold : 
Y : b 
X : b 
ES rules : 
	a | b :- c.
	d | b :- not a.

E : 


XHold : b 

UCLP : 
U : c d a b 
X : c a b 
L : ~d c 
U \cup L : ~d c d a b 
{p | ~p in L} : d 
ES rules : 
	c | d.
	d | b :- not a.

E : 
	{ c d }, 

XHold : c a b 

UCLP : 
U : c d a b 
X : a b 
L : ~d c 
U \cup L : ~d c d a b 
{p | ~p in L} : d 
ES rules : 
	a | b :- c.
	a :- c, d.
	d | b :- not a.

E : 
	{ a }, 	{ a b }, 

XHold : a b 

UCLP : 
U : c d a b 
X : b 
L : ~d c 
U \cup L : ~d c d a b 
{p | ~p in L} : d 
ES rules : 
	a | b :- c.
	d | b :- not a.

E : 


XHold : b 

UCLP : 
U : c d a b 
X : 
L : ~d c 
U \cup L : ~d c d a b 
{p | ~p in L} : d 
ES rules : 

E : 


XHold : 
Y : b 
X : b 
ES rules : 
	a | b :- c.
	d | b :- not a.

E : 


XHold : b 

UCLP : 
U : c d a b 
X : c a b 
L : ~d c 
U \cup L : ~d c d a b 
{p | ~p in L} : d 
ES rules : 
	c | d.
	d | b :- not a.

E : 
	{ c d }, 

XHold : c a b 

UCLP : 
U : c d a b 
X : a b 
L : ~d c 
U \cup L : ~d c d a b 
{p | ~p in L} : d 
ES rules : 
	a | b :- c.
	a :- c, d.
	d | b :- not a.

E : 
	{ a }, 	{ a b }, 

XHold : a b 

UCLP : 
U : c d a b 
X : b 
L : ~d c 
U \cup L : ~d c d a b 
{p | ~p in L} : d 
ES rules : 
	a | b :- c.
	d | b :- not a.

E : 


XHold : b 

UCLP : 
U : c d a b 
X : 
L : ~d c 
U \cup L : ~d c d a b 
{p | ~p in L} : d 
ES rules : 

E : 


XHold : 
Y : b 
X : b 
ES rules : 
	a | b :- c.
	d | b :- not a.

E : 


XHold : b 